<Events>
<Event xmlns='http://schemas.microsoft.com/win/2004/08/events/event'><System><Provider Name='Microsoft-Windows-WindowsUpdateClient' Guid='{945a8954-c147-4acd-923f-40c45405a658}'/><EventID>19</EventID><Version>1</Version><Level>4</Level><Task>1</Task><Opcode>13</Opcode><Keywords>0x8000000000000018</Keywords><TimeCreated SystemTime='2026-05-17T23:19:22.0441990Z'/><EventRecordID>110363</EventRecordID><Correlation/><Execution ProcessID='11556' ThreadID='37496'/><Channel>System</Channel><Computer>specimbaPC</Computer><Security UserID='S-1-5-18'/></System><EventData><Data Name='updateTitle'>Security Intelligence Update for Microsoft Defender Antivirus - KB2267602 (Version 1.449.669.0) - Current Channel (Broad)</Data><Data Name='updateGuid'>{2ca0b8bc-04d9-4442-857c-4d03f6549cf3}</Data><Data Name='updateRevisionNumber'>200</Data><Data Name='serviceGuid'>{7971f918-a847-4430-9279-4a52d1efe18d}</Data></EventData></Event>
<Event xmlns='http://schemas.microsoft.com/win/2004/08/events/event'><System><Provider Name='Microsoft-Windows-WindowsUpdateClient' Guid='{945a8954-c147-4acd-923f-40c45405a658}'/><EventID>19</EventID><Version>1</Version><Level>4</Level><Task>1</Task><Opcode>13</Opcode><Keywords>0x8000000000000018</Keywords><TimeCreated SystemTime='2026-05-17T11:14:06.8857663Z'/><EventRecordID>109925</EventRecordID><Correlation/><Execution ProcessID='16612' ThreadID='10824'/><Channel>System</Channel><Computer>specimbaPC</Computer><Security UserID='S-1-5-18'/></System><EventData><Data Name='updateTitle'>Security Intelligence Update for Microsoft Defender Antivirus - KB2267602 (Version 1.449.661.0) - Current Channel (Broad)</Data><Data Name='updateGuid'>{04b72c4d-1107-4770-acfa-ed014dab02ad}</Data><Data Name='updateRevisionNumber'>200</Data><Data Name='serviceGuid'>{7971f918-a847-4430-9279-4a52d1efe18d}</Data></EventData></Event>
<Event xmlns='http://schemas.microsoft.com/win/2004/08/events/event'><System><Provider Name='Microsoft-Windows-WindowsUpdateClient' Guid='{945a8954-c147-4acd-923f-40c45405a658}'/><EventID>19</EventID><Version>1</Version><Level>4</Level><Task>1</Task><Opcode>13</Opcode><Keywords>0x8000000000000018</Keywords><TimeCreated SystemTime='2026-05-17T10:17:37.7472197Z'/><EventRecordID>109918</EventRecordID><Correlation/><Execution ProcessID='16372' ThreadID='6808'/><Channel>System</Channel><Computer>specimbaPC</Computer><Security UserID='S-1-5-18'/></System><EventData><Data Name='updateTitle'>Security Intelligence Update for Microsoft Defender Antivirus - KB2267602 (Version 1.449.659.0) - Current Channel (Broad)</Data><Data Name='updateGuid'>{c8759d4c-b9c1-4d55-9bd6-20cd39b93b99}</Data><Data Name='updateRevisionNumber'>200</Data><Data Name='serviceGuid'>{7971f918-a847-4430-9279-4a52d1efe18d}</Data></EventData></Event>
<Event xmlns='http://schemas.microsoft.com/win/2004/08/events/event'><System><Provider Name='Microsoft-Windows-WindowsUpdateClient' Guid='{945a8954-c147-4acd-923f-40c45405a658}'/><EventID>19</EventID><Version>1</Version><Level>4</Level><Task>1</Task><Opcode>13</Opcode><Keywords>0x8000000000000018</Keywords><TimeCreated SystemTime='2026-05-17T10:09:29.7600701Z'/><EventRecordID>109907</EventRecordID><Correlation/><Execution ProcessID='16372' ThreadID='16648'/><Channel>System</Channel><Computer>specimbaPC</Computer><Security UserID='S-1-5-18'/></System><EventData><Data Name='updateTitle'>2026-05 Security Update (KB5089549) (26200.8457)</Data><Data Name='updateGuid'>{3bc55f4e-429b-4a26-a429-1d0f912b5791}</Data><Data Name='updateRevisionNumber'>1</Data><Data Name='serviceGuid'>{8b24b027-1dee-babb-9a95-3517dfb9c552}</Data></EventData></Event>
<Event xmlns='http://schemas.microsoft.com/win/2004/08/events/event'><System><Provider Name='Microsoft-Windows-WindowsUpdateClient' Guid='{945a8954-c147-4acd-923f-40c45405a658}'/><EventID>19</EventID><Version>1</Version><Level>4</Level><Task>1</Task><Opcode>13</Opcode><Keywords>0x8000000000000018</Keywords><TimeCreated SystemTime='2026-05-17T10:09:29.7600659Z'/><EventRecordID>109906</EventRecordID><Correlation/><Execution ProcessID='16372' ThreadID='16648'/><Channel>System</Channel><Computer>specimbaPC</Computer><Security UserID='S-1-5-18'/></System><EventData><Data Name='updateTitle'>Dell, Inc. Driver Update (11.50.1.7)</Data><Data Name='updateGuid'>{bad442bf-fba9-4b42-9af3-73e4870583a2}</Data><Data Name='updateRevisionNumber'>1</Data><Data Name='serviceGuid'>{8b24b027-1dee-babb-9a95-3517dfb9c552}</Data></EventData></Event>
<Event xmlns='http://schemas.microsoft.com/win/2004/08/events/event'><System><Provider Name='Microsoft-Windows-WindowsUpdateClient' Guid='{945a8954-c147-4acd-923f-40c45405a658}'/><EventID>19</EventID><Version>1</Version><Level>4</Level><Task>1</Task><Opcode>13</Opcode><Keywords>0x8000000000000018</Keywords><TimeCreated SystemTime='2026-05-17T01:17:40.4163262Z'/><EventRecordID>109234</EventRecordID><Correlation/><Execution ProcessID='1288' ThreadID='70444'/><Channel>System</Channel><Computer>specimbaPC</Computer><Security UserID='S-1-5-18'/></System><EventData><Data Name='updateTitle'>Security Intelligence Update for Microsoft Defender Antivirus - KB2267602 (Version 1.449.654.0) - Current Channel (Broad)</Data><Data Name='updateGuid'>{920b953f-f64f-4343-8abb-6b0e5f642c27}</Data><Data Name='updateRevisionNumber'>200</Data><Data Name='serviceGuid'>{7971f918-a847-4430-9279-4a52d1efe18d}</Data></EventData></Event>
<Event xmlns='http://schemas.microsoft.com/win/2004/08/events/event'><System><Provider Name='Microsoft-Windows-WindowsUpdateClient' Guid='{945a8954-c147-4acd-923f-40c45405a658}'/><EventID>19</EventID><Version>1</Version><Level>4</Level><Task>1</Task><Opcode>13</Opcode><Keywords>0x8000000000000018</Keywords><TimeCreated SystemTime='2026-05-16T22:50:08.3879207Z'/><EventRecordID>109231</EventRecordID><Correlation/><Execution ProcessID='22712' ThreadID='53068'/><Channel>System</Channel><Computer>specimbaPC</Computer><Security UserID='S-1-5-18'/></System><EventData><Data Name='updateTitle'>Security Intelligence Update for Microsoft Defender Antivirus - KB2267602 (Version 1.449.653.0) - Current Channel (Broad)</Data><Data Name='updateGuid'>{3cfd06e6-c965-458b-a326-44e11081475f}</Data><Data Name='updateRevisionNumber'>200</Data><Data Name='serviceGuid'>{7971f918-a847-4430-9279-4a52d1efe18d}</Data></EventData></Event>
<Event xmlns='http://schemas.microsoft.com/win/2004/08/events/event'><System><Provider Name='Microsoft-Windows-WindowsUpdateClient' Guid='{945a8954-c147-4acd-923f-40c45405a658}'/><EventID>19</EventID><Version>1</Version><Level>4</Level><Task>1</Task><Opcode>13</Opcode><Keywords>0x8000000000000018</Keywords><TimeCreated SystemTime='2026-05-16T13:19:42.4758552Z'/><EventRecordID>109169</EventRecordID><Correlation ActivityID='{16d65781-e407-0016-8c62-ad1907e4dc01}'/><Execution ProcessID='72788' ThreadID='26712'/><Channel>System</Channel><Computer>specimbaPC</Computer><Security UserID='S-1-5-18'/></System><EventData><Data Name='updateTitle'>9WZDNCRD29V9-MICROSOFT.MICROSOFTOFFICEHUB</Data><Data Name='updateGuid'>{d721089a-7331-46eb-93ef-bd4672fb7f82}</Data><Data Name='updateRevisionNumber'>1</Data><Data Name='serviceGuid'>{855e8a7c-ecb4-4ca3-b045-1dfa50104289}</Data></EventData></Event>
<Event xmlns='http://schemas.microsoft.com/win/2004/08/events/event'><System><Provider Name='Microsoft-Windows-WindowsUpdateClient' Guid='{945a8954-c147-4acd-923f-40c45405a658}'/><EventID>19</EventID><Version>1</Version><Level>4</Level><Task>1</Task><Opcode>13</Opcode><Keywords>0x8000000000000018</Keywords><TimeCreated SystemTime='2026-05-16T13:19:05.9962553Z'/><EventRecordID>109161</EventRecordID><Correlation ActivityID='{16d65781-e407-0018-e04e-191b07e4dc01}'/><Execution ProcessID='72788' ThreadID='42232'/><Channel>System</Channel><Computer>specimbaPC</Computer><Security UserID='S-1-5-18'/></System><EventData><Data Name='updateTitle'>9WZDNCRFJBMP-MICROSOFT.WINDOWSSTORE</Data><Data Name='updateGuid'>{68bd9d1b-a2a5-409d-bfa0-9402076f43e3}</Data><Data Name='updateRevisionNumber'>1</Data><Data Name='serviceGuid'>{855e8a7c-ecb4-4ca3-b045-1dfa50104289}</Data></EventData></Event>
<Event xmlns='http://schemas.microsoft.com/win/2004/08/events/event'><System><Provider Name='Microsoft-Windows-WindowsUpdateClient' Guid='{945a8954-c147-4acd-923f-40c45405a658}'/><EventID>19</EventID><Version>1</Version><Level>4</Level><Task>1</Task><Opcode>13</Opcode><Keywords>0x8000000000000018</Keywords><TimeCreated SystemTime='2026-05-16T13:18:38.6157960Z'/><EventRecordID>109156</EventRecordID><Correlation ActivityID='{16d65781-e407-0014-dbb8-c11a07e4dc01}'/><Execution ProcessID='72788' ThreadID='37932'/><Channel>System</Channel><Computer>specimbaPC</Computer><Security UserID='S-1-5-18'/></System><EventData><Data Name='updateTitle'>9NFTCH6J7FHV-Microsoft.PowerAutomateDesktop</Data><Data Name='updateGuid'>{6379a3e2-8bfc-4219-9aaf-a31594c2d8f9}</Data><Data Name='updateRevisionNumber'>1</Data><Data Name='serviceGuid'>{855e8a7c-ecb4-4ca3-b045-1dfa50104289}</Data></EventData></Event>
<Event xmlns='http://schemas.microsoft.com/win/2004/08/events/event'><System><Provider Name='Microsoft-Windows-WindowsUpdateClient' Guid='{945a8954-c147-4acd-923f-40c45405a658}'/><EventID>19</EventID><Version>1</Version><Level>4</Level><Task>1</Task><Opcode>13</Opcode><Keywords>0x8000000000000018</Keywords><TimeCreated SystemTime='2026-05-16T13:18:29.9496336Z'/><EventRecordID>109152</EventRecordID><Correlation ActivityID='{16d65781-e407-0013-65b6-7e1907e4dc01}'/><Execution ProcessID='72788' ThreadID='72760'/><Channel>System</Channel><Computer>specimbaPC</Computer><Security UserID='S-1-5-18'/></System><EventData><Data Name='updateTitle'>9P5Z076K079H-MicrosoftCorporationII.WinAppRuntime.Singleton</Data><Data Name='updateGuid'>{2c6a8b19-c66b-4d16-a9b7-3acb05e998e1}</Data><Data Name='updateRevisionNumber'>1</Data><Data Name='serviceGuid'>{855e8a7c-ecb4-4ca3-b045-1dfa50104289}</Data></EventData></Event>
<Event xmlns='http://schemas.microsoft.com/win/2004/08/events/event'><System><Provider Name='Microsoft-Windows-WindowsUpdateClient' Guid='{945a8954-c147-4acd-923f-40c45405a658}'/><EventID>19</EventID><Version>1</Version><Level>4</Level><Task>1</Task><Opcode>13</Opcode><Keywords>0x8000000000000018</Keywords><TimeCreated SystemTime='2026-05-16T13:18:25.3646775Z'/><EventRecordID>109149</EventRecordID><Correlation ActivityID='{16d65781-e407-0016-c817-ad1907e4dc01}'/><Execution ProcessID='72788' ThreadID='72760'/><Channel>System</Channel><Computer>specimbaPC</Computer><Security UserID='S-1-5-18'/></System><EventData><Data Name='updateTitle'>9NRZT3Q9R3DL-Microsoft.WindowsAppRuntime.2</Data><Data Name='updateGuid'>{c3a4ff9c-c4ca-410d-b1d0-429364ff32a7}</Data><Data Name='updateRevisionNumber'>1</Data><Data Name='serviceGuid'>{855e8a7c-ecb4-4ca3-b045-1dfa50104289}</Data></EventData></Event>
<Event xmlns='http://schemas.microsoft.com/win/2004/08/events/event'><System><Provider Name='Microsoft-Windows-WindowsUpdateClient' Guid='{945a8954-c147-4acd-923f-40c45405a658}'/><EventID>19</EventID><Version>1</Version><Level>4</Level><Task>1</Task><Opcode>13</Opcode><Keywords>0x8000000000000018</Keywords><TimeCreated SystemTime='2026-05-16T13:16:02.8013054Z'/><EventRecordID>109117</EventRecordID><Correlation/><Execution ProcessID='72788' ThreadID='75340'/><Channel>System</Channel><Computer>specimbaPC</Computer><Security UserID='S-1-5-18'/></System><EventData><Data Name='updateTitle'>Intel SoftwareComponent Driver Update (9.1.10009.1745)</Data><Data Name='updateGuid'>{705decd6-60ae-47a3-a5a7-b9efd6342398}</Data><Data Name='updateRevisionNumber'>1</Data><Data Name='serviceGuid'>{8b24b027-1dee-babb-9a95-3517dfb9c552}</Data></EventData></Event>
<Event xmlns='http://schemas.microsoft.com/win/2004/08/events/event'><System><Provider Name='Microsoft-Windows-WindowsUpdateClient' Guid='{945a8954-c147-4acd-923f-40c45405a658}'/><EventID>19</EventID><Version>1</Version><Level>4</Level><Task>1</Task><Opcode>13</Opcode><Keywords>0x8000000000000018</Keywords><TimeCreated SystemTime='2026-05-16T13:15:55.6339603Z'/><EventRecordID>109115</EventRecordID><Correlation/><Execution ProcessID='72788' ThreadID='57212'/><Channel>System</Channel><Computer>specimbaPC</Computer><Security UserID='S-1-5-18'/></System><EventData><Data Name='updateTitle'>Intel SoftwareComponent Driver Update (3.4.1005.0)</Data><Data Name='updateGuid'>{20271d8d-ada4-4dfb-ab29-1593f2e69dc5}</Data><Data Name='updateRevisionNumber'>1</Data><Data Name='serviceGuid'>{8b24b027-1dee-babb-9a95-3517dfb9c552}</Data></EventData></Event>
<Event xmlns='http://schemas.microsoft.com/win/2004/08/events/event'><System><Provider Name='Microsoft-Windows-WindowsUpdateClient' Guid='{945a8954-c147-4acd-923f-40c45405a658}'/><EventID>19</EventID><Version>1</Version><Level>4</Level><Task>1</Task><Opcode>13</Opcode><Keywords>0x8000000000000018</Keywords><TimeCreated SystemTime='2026-05-16T13:15:51.9491270Z'/><EventRecordID>109113</EventRecordID><Correlation/><Execution ProcessID='72788' ThreadID='61812'/><Channel>System</Channel><Computer>specimbaPC</Computer><Security UserID='S-1-5-18'/></System><EventData><Data Name='updateTitle'>Intel SoftwareComponent Driver Update (3.4.1005.0)</Data><Data Name='updateGuid'>{66b63922-1975-4c9e-aab8-d8702a2b034d}</Data><Data Name='updateRevisionNumber'>1</Data><Data Name='serviceGuid'>{8b24b027-1dee-babb-9a95-3517dfb9c552}</Data></EventData></Event>
<Event xmlns='http://schemas.microsoft.com/win/2004/08/events/event'><System><Provider Name='Microsoft-Windows-WindowsUpdateClient' Guid='{945a8954-c147-4acd-923f-40c45405a658}'/><EventID>19</EventID><Version>1</Version><Level>4</Level><Task>1</Task><Opcode>13</Opcode><Keywords>0x8000000000000018</Keywords><TimeCreated SystemTime='2026-05-16T13:15:48.6074458Z'/><EventRecordID>109111</EventRecordID><Correlation/><Execution ProcessID='72788' ThreadID='78676'/><Channel>System</Channel><Computer>specimbaPC</Computer><Security UserID='S-1-5-18'/></System><EventData><Data Name='updateTitle'>Intel SoftwareComponent Driver Update (3.4.1006.0)</Data><Data Name='updateGuid'>{f1569a97-4b3e-469a-a225-3fc148c3f2a6}</Data><Data Name='updateRevisionNumber'>1</Data><Data Name='serviceGuid'>{8b24b027-1dee-babb-9a95-3517dfb9c552}</Data></EventData></Event>
<Event xmlns='http://schemas.microsoft.com/win/2004/08/events/event'><System><Provider Name='Microsoft-Windows-WindowsUpdateClient' Guid='{945a8954-c147-4acd-923f-40c45405a658}'/><EventID>19</EventID><Version>1</Version><Level>4</Level><Task>1</Task><Opcode>13</Opcode><Keywords>0x8000000000000018</Keywords><TimeCreated SystemTime='2026-05-16T13:15:45.7694684Z'/><EventRecordID>109109</EventRecordID><Correlation/><Execution ProcessID='72788' ThreadID='77132'/><Channel>System</Channel><Computer>specimbaPC</Computer><Security UserID='S-1-5-18'/></System><EventData><Data Name='updateTitle'>Intel SoftwareComponent Driver Update (1.2.1001.0)</Data><Data Name='updateGuid'>{b22349da-def9-4272-bd17-35ae7c51887f}</Data><Data Name='updateRevisionNumber'>1</Data><Data Name='serviceGuid'>{8b24b027-1dee-babb-9a95-3517dfb9c552}</Data></EventData></Event>
<Event xmlns='http://schemas.microsoft.com/win/2004/08/events/event'><System><Provider Name='Microsoft-Windows-WindowsUpdateClient' Guid='{945a8954-c147-4acd-923f-40c45405a658}'/><EventID>19</EventID><Version>1</Version><Level>4</Level><Task>1</Task><Opcode>13</Opcode><Keywords>0x8000000000000018</Keywords><TimeCreated SystemTime='2026-05-16T13:15:42.5674561Z'/><EventRecordID>109107</EventRecordID><Correlation/><Execution ProcessID='72788' ThreadID='32384'/><Channel>System</Channel><Computer>specimbaPC</Computer><Security UserID='S-1-5-18'/></System><EventData><Data Name='updateTitle'>Intel SoftwareComponent Driver Update (3.4.1005.0)</Data><Data Name='updateGuid'>{d503ce52-a7cd-445d-9042-bb570357211b}</Data><Data Name='updateRevisionNumber'>1</Data><Data Name='serviceGuid'>{8b24b027-1dee-babb-9a95-3517dfb9c552}</Data></EventData></Event>
<Event xmlns='http://schemas.microsoft.com/win/2004/08/events/event'><System><Provider Name='Microsoft-Windows-WindowsUpdateClient' Guid='{945a8954-c147-4acd-923f-40c45405a658}'/><EventID>19</EventID><Version>1</Version><Level>4</Level><Task>1</Task><Opcode>13</Opcode><Keywords>0x8000000000000018</Keywords><TimeCreated SystemTime='2026-05-16T13:15:39.8567277Z'/><EventRecordID>109105</EventRecordID><Correlation/><Execution ProcessID='72788' ThreadID='75728'/><Channel>System</Channel><Computer>specimbaPC</Computer><Security UserID='S-1-5-18'/></System><EventData><Data Name='updateTitle'>Intel Driver Update (16.1.0.257)</Data><Data Name='updateGuid'>{d40ad8f8-bd7e-4697-ad15-b8abd99da44d}</Data><Data Name='updateRevisionNumber'>1</Data><Data Name='serviceGuid'>{8b24b027-1dee-babb-9a95-3517dfb9c552}</Data></EventData></Event>
<Event xmlns='http://schemas.microsoft.com/win/2004/08/events/event'><System><Provider Name='Microsoft-Windows-WindowsUpdateClient' Guid='{945a8954-c147-4acd-923f-40c45405a658}'/><EventID>19</EventID><Version>1</Version><Level>4</Level><Task>1</Task><Opcode>13</Opcode><Keywords>0x8000000000000018</Keywords><TimeCreated SystemTime='2026-05-16T10:05:04.9583892Z'/><EventRecordID>109084</EventRecordID><Correlation/><Execution ProcessID='45800' ThreadID='75948'/><Channel>System</Channel><Computer>specimbaPC</Computer><Security UserID='S-1-5-18'/></System><EventData><Data Name='updateTitle'>Security Intelligence Update for Microsoft Defender Antivirus - KB2267602 (Version 1.449.644.0) - Current Channel (Broad)</Data><Data Name='updateGuid'>{6157ced4-6ee6-477b-8a6d-20de978fdab7}</Data><Data Name='updateRevisionNumber'>200</Data><Data Name='serviceGuid'>{7971f918-a847-4430-9279-4a52d1efe18d}</Data></EventData></Event>
<Event xmlns='http://schemas.microsoft.com/win/2004/08/events/event'><System><Provider Name='Microsoft-Windows-WindowsUpdateClient' Guid='{945a8954-c147-4acd-923f-40c45405a658}'/><EventID>19</EventID><Version>1</Version><Level>4</Level><Task>1</Task><Opcode>13</Opcode><Keywords>0x8000000000000018</Keywords><TimeCreated SystemTime='2026-05-16T01:17:46.9679626Z'/><EventRecordID>109065</EventRecordID><Correlation/><Execution ProcessID='78844' ThreadID='71456'/><Channel>System</Channel><Computer>specimbaPC</Computer><Security UserID='S-1-5-18'/></System><EventData><Data Name='updateTitle'>Security Intelligence Update for Microsoft Defender Antivirus - KB2267602 (Version 1.449.639.0) - Current Channel (Broad)</Data><Data Name='updateGuid'>{5a4c3bec-6259-4d80-920d-25975b8e3047}</Data><Data Name='updateRevisionNumber'>200</Data><Data Name='serviceGuid'>{7971f918-a847-4430-9279-4a52d1efe18d}</Data></EventData></Event>
<Event xmlns='http://schemas.microsoft.com/win/2004/08/events/event'><System><Provider Name='Microsoft-Windows-WindowsUpdateClient' Guid='{945a8954-c147-4acd-923f-40c45405a658}'/><EventID>19</EventID><Version>1</Version><Level>4</Level><Task>1</Task><Opcode>13</Opcode><Keywords>0x8000000000000018</Keywords><TimeCreated SystemTime='2026-05-15T13:48:53.8718851Z'/><EventRecordID>109045</EventRecordID><Correlation/><Execution ProcessID='41916' ThreadID='72076'/><Channel>System</Channel><Computer>specimbaPC</Computer><Security UserID='S-1-5-18'/></System><EventData><Data Name='updateTitle'>Security Intelligence Update for Microsoft Defender Antivirus - KB2267602 (Version 1.449.631.0) - Current Channel (Broad)</Data><Data Name='updateGuid'>{a46b14a3-4fa8-4202-89a5-5e7db0f33a1b}</Data><Data Name='updateRevisionNumber'>200</Data><Data Name='serviceGuid'>{7971f918-a847-4430-9279-4a52d1efe18d}</Data></EventData></Event>
<Event xmlns='http://schemas.microsoft.com/win/2004/08/events/event'><System><Provider Name='Microsoft-Windows-WindowsUpdateClient' Guid='{945a8954-c147-4acd-923f-40c45405a658}'/><EventID>19</EventID><Version>1</Version><Level>4</Level><Task>1</Task><Opcode>13</Opcode><Keywords>0x8000000000000018</Keywords><TimeCreated SystemTime='2026-05-15T10:36:20.8085579Z'/><EventRecordID>109027</EventRecordID><Correlation ActivityID='{16d65781-e407-0018-f98a-571807e4dc01}'/><Execution ProcessID='50464' ThreadID='57760'/><Channel>System</Channel><Computer>specimbaPC</Computer><Security UserID='S-1-5-18'/></System><EventData><Data Name='updateTitle'>9NT1R1C2HH7J-OpenAI.ChatGPT-Desktop</Data><Data Name='updateGuid'>{28dc82dc-e9f4-41bd-bcff-dc630af9365f}</Data><Data Name='updateRevisionNumber'>1</Data><Data Name='serviceGuid'>{855e8a7c-ecb4-4ca3-b045-1dfa50104289}</Data></EventData></Event>
<Event xmlns='http://schemas.microsoft.com/win/2004/08/events/event'><System><Provider Name='Microsoft-Windows-WindowsUpdateClient' Guid='{945a8954-c147-4acd-923f-40c45405a658}'/><EventID>19</EventID><Version>1</Version><Level>4</Level><Task>1</Task><Opcode>13</Opcode><Keywords>0x8000000000000018</Keywords><TimeCreated SystemTime='2026-05-15T01:35:51.0259264Z'/><EventRecordID>108978</EventRecordID><Correlation/><Execution ProcessID='18280' ThreadID='46060'/><Channel>System</Channel><Computer>specimbaPC</Computer><Security UserID='S-1-5-18'/></System><EventData><Data Name='updateTitle'>Windows Malicious Software Removal Tool x64 - v5.141 (KB890830)</Data><Data Name='updateGuid'>{db5bac0b-a277-4d18-9bfd-6c9b08e3251c}</Data><Data Name='updateRevisionNumber'>200</Data><Data Name='serviceGuid'>{7971f918-a847-4430-9279-4a52d1efe18d}</Data></EventData></Event>
<Event xmlns='http://schemas.microsoft.com/win/2004/08/events/event'><System><Provider Name='Microsoft-Windows-WindowsUpdateClient' Guid='{945a8954-c147-4acd-923f-40c45405a658}'/><EventID>19</EventID><Version>1</Version><Level>4</Level><Task>1</Task><Opcode>13</Opcode><Keywords>0x8000000000000018</Keywords><TimeCreated SystemTime='2026-05-15T01:18:00.5083750Z'/><EventRecordID>108969</EventRecordID><Correlation/><Execution ProcessID='18280' ThreadID='12140'/><Channel>System</Channel><Computer>specimbaPC</Computer><Security UserID='S-1-5-18'/></System><EventData><Data Name='updateTitle'>Security Intelligence Update for Microsoft Defender Antivirus - KB2267602 (Version 1.449.621.0) - Current Channel (Broad)</Data><Data Name='updateGuid'>{89fcf6c1-248b-4497-8365-85f88049e0da}</Data><Data Name='updateRevisionNumber'>200</Data><Data Name='serviceGuid'>{7971f918-a847-4430-9279-4a52d1efe18d}</Data></EventData></Event>
<Event xmlns='http://schemas.microsoft.com/win/2004/08/events/event'><System><Provider Name='Microsoft-Windows-WindowsUpdateClient' Guid='{945a8954-c147-4acd-923f-40c45405a658}'/><EventID>19</EventID><Version>1</Version><Level>4</Level><Task>1</Task><Opcode>13</Opcode><Keywords>0x8000000000000018</Keywords><TimeCreated SystemTime='2026-05-14T20:21:15.4029414Z'/><EventRecordID>108674</EventRecordID><Correlation/><Execution ProcessID='20860' ThreadID='20928'/><Channel>System</Channel><Computer>specimbaPC</Computer><Security UserID='S-1-5-18'/></System><EventData><Data Name='updateTitle'>2026-05 .NET Framework Security Update (KB5087051)</Data><Data Name='updateGuid'>{5460a0d4-95d9-41af-970d-8d4fadad782c}</Data><Data Name='updateRevisionNumber'>1</Data><Data Name='serviceGuid'>{8b24b027-1dee-babb-9a95-3517dfb9c552}</Data></EventData></Event>
<Event xmlns='http://schemas.microsoft.com/win/2004/08/events/event'><System><Provider Name='Microsoft-Windows-WindowsUpdateClient' Guid='{945a8954-c147-4acd-923f-40c45405a658}'/><EventID>19</EventID><Version>1</Version><Level>4</Level><Task>1</Task><Opcode>13</Opcode><Keywords>0x8000000000000018</Keywords><TimeCreated SystemTime='2026-05-14T20:04:57.6437393Z'/><EventRecordID>108359</EventRecordID><Correlation/><Execution ProcessID='81664' ThreadID='76772'/><Channel>System</Channel><Computer>specimbaPC</Computer><Security UserID='S-1-5-18'/></System><EventData><Data Name='updateTitle'>2026-05 .NET 9.0.16 Security Update for x64 Client (KB5093448)</Data><Data Name='updateGuid'>{65cee9cb-c7a3-4cb6-8fe3-25977d986511}</Data><Data Name='updateRevisionNumber'>200</Data><Data Name='serviceGuid'>{7971f918-a847-4430-9279-4a52d1efe18d}</Data></EventData></Event>
<Event xmlns='http://schemas.microsoft.com/win/2004/08/events/event'><System><Provider Name='Microsoft-Windows-WindowsUpdateClient' Guid='{945a8954-c147-4acd-923f-40c45405a658}'/><EventID>19</EventID><Version>1</Version><Level>4</Level><Task>1</Task><Opcode>13</Opcode><Keywords>0x8000000000000018</Keywords><TimeCreated SystemTime='2026-05-14T20:04:04.6608185Z'/><EventRecordID>108350</EventRecordID><Correlation/><Execution ProcessID='81664' ThreadID='81412'/><Channel>System</Channel><Computer>specimbaPC</Computer><Security UserID='S-1-5-18'/></System><EventData><Data Name='updateTitle'>2026-05 .NET 8.0.27 Security Update for x64 Client (KB5093447)</Data><Data Name='updateGuid'>{4a54d8ea-71b4-4a30-b0a3-c704bcfcd1e6}</Data><Data Name='updateRevisionNumber'>200</Data><Data Name='serviceGuid'>{7971f918-a847-4430-9279-4a52d1efe18d}</Data></EventData></Event>
<Event xmlns='http://schemas.microsoft.com/win/2004/08/events/event'><System><Provider Name='Microsoft-Windows-WindowsUpdateClient' Guid='{945a8954-c147-4acd-923f-40c45405a658}'/><EventID>19</EventID><Version>1</Version><Level>4</Level><Task>1</Task><Opcode>13</Opcode><Keywords>0x8000000000000018</Keywords><TimeCreated SystemTime='2026-05-14T20:02:38.9619105Z'/><EventRecordID>108346</EventRecordID><Correlation/><Execution ProcessID='81664' ThreadID='17100'/><Channel>System</Channel><Computer>specimbaPC</Computer><Security UserID='S-1-5-18'/></System><EventData><Data Name='updateTitle'>2026-05 .NET 10.0.8 Security Update for x64 Client (KB5093446)</Data><Data Name='updateGuid'>{3b2d5422-528e-47dd-9a4f-6aaf624ba089}</Data><Data Name='updateRevisionNumber'>200</Data><Data Name='serviceGuid'>{7971f918-a847-4430-9279-4a52d1efe18d}</Data></EventData></Event>
<Event xmlns='http://schemas.microsoft.com/win/2004/08/events/event'><System><Provider Name='Microsoft-Windows-WindowsUpdateClient' Guid='{945a8954-c147-4acd-923f-40c45405a658}'/><EventID>19</EventID><Version>1</Version><Level>4</Level><Task>1</Task><Opcode>13</Opcode><Keywords>0x8000000000000018</Keywords><TimeCreated SystemTime='2026-05-14T15:37:18.8129639Z'/><EventRecordID>108328</EventRecordID><Correlation ActivityID='{5e9fef84-db98-0010-ffd5-a06e98dbdc01}'/><Execution ProcessID='27992' ThreadID='24460'/><Channel>System</Channel><Computer>specimbaPC</Computer><Security UserID='S-1-5-18'/></System><EventData><Data Name='updateTitle'>9NQ7512CXL7T-PythonSoftwareFoundation.PythonManager</Data><Data Name='updateGuid'>{f0504f01-c5ea-4abd-ac81-46dbbb7efe13}</Data><Data Name='updateRevisionNumber'>1</Data><Data Name='serviceGuid'>{855e8a7c-ecb4-4ca3-b045-1dfa50104289}</Data></EventData></Event>
<Event xmlns='http://schemas.microsoft.com/win/2004/08/events/event'><System><Provider Name='Microsoft-Windows-WindowsUpdateClient' Guid='{945a8954-c147-4acd-923f-40c45405a658}'/><EventID>19</EventID><Version>1</Version><Level>4</Level><Task>1</Task><Opcode>13</Opcode><Keywords>0x8000000000000018</Keywords><TimeCreated SystemTime='2026-05-14T10:08:32.3565309Z'/><EventRecordID>108272</EventRecordID><Correlation/><Execution ProcessID='45104' ThreadID='25292'/><Channel>System</Channel><Computer>specimbaPC</Computer><Security UserID='S-1-5-18'/></System><EventData><Data Name='updateTitle'>Security Intelligence Update for Microsoft Defender Antivirus - KB2267602 (Version 1.449.610.0) - Current Channel (Broad)</Data><Data Name='updateGuid'>{2f4d0246-bb09-460f-8908-f6de45fd5d34}</Data><Data Name='updateRevisionNumber'>200</Data><Data Name='serviceGuid'>{7971f918-a847-4430-9279-4a52d1efe18d}</Data></EventData></Event>
<Event xmlns='http://schemas.microsoft.com/win/2004/08/events/event'><System><Provider Name='Microsoft-Windows-WindowsUpdateClient' Guid='{945a8954-c147-4acd-923f-40c45405a658}'/><EventID>19</EventID><Version>1</Version><Level>4</Level><Task>1</Task><Opcode>13</Opcode><Keywords>0x8000000000000018</Keywords><TimeCreated SystemTime='2026-05-14T07:44:57.9536286Z'/><EventRecordID>108238</EventRecordID><Correlation/><Execution ProcessID='10496' ThreadID='3100'/><Channel>System</Channel><Computer>specimbaPC</Computer><Security UserID='S-1-5-18'/></System><EventData><Data Name='updateTitle'>Security Intelligence Update for Microsoft Defender Antivirus - KB2267602 (Version 1.449.608.0) - Current Channel (Broad)</Data><Data Name='updateGuid'>{3165d570-6c09-4aa4-8351-dbe1ea889f6f}</Data><Data Name='updateRevisionNumber'>200</Data><Data Name='serviceGuid'>{7971f918-a847-4430-9279-4a52d1efe18d}</Data></EventData></Event>
<Event xmlns='http://schemas.microsoft.com/win/2004/08/events/event'><System><Provider Name='Microsoft-Windows-WindowsUpdateClient' Guid='{945a8954-c147-4acd-923f-40c45405a658}'/><EventID>19</EventID><Version>1</Version><Level>4</Level><Task>1</Task><Opcode>13</Opcode><Keywords>0x8000000000000018</Keywords><TimeCreated SystemTime='2026-05-13T21:49:48.5174621Z'/><EventRecordID>108181</EventRecordID><Correlation/><Execution ProcessID='70464' ThreadID='75708'/><Channel>System</Channel><Computer>specimbaPC</Computer><Security UserID='S-1-5-18'/></System><EventData><Data Name='updateTitle'>Security Intelligence Update for Microsoft Defender Antivirus - KB2267602 (Version 1.449.602.0) - Current Channel (Broad)</Data><Data Name='updateGuid'>{99f76c80-160d-42ad-926a-95bc02d407c4}</Data><Data Name='updateRevisionNumber'>200</Data><Data Name='serviceGuid'>{7971f918-a847-4430-9279-4a52d1efe18d}</Data></EventData></Event>
<Event xmlns='http://schemas.microsoft.com/win/2004/08/events/event'><System><Provider Name='Microsoft-Windows-WindowsUpdateClient' Guid='{945a8954-c147-4acd-923f-40c45405a658}'/><EventID>19</EventID><Version>1</Version><Level>4</Level><Task>1</Task><Opcode>13</Opcode><Keywords>0x8000000000000018</Keywords><TimeCreated SystemTime='2026-05-13T07:44:56.3361374Z'/><EventRecordID>108109</EventRecordID><Correlation/><Execution ProcessID='22480' ThreadID='2288'/><Channel>System</Channel><Computer>specimbaPC</Computer><Security UserID='S-1-5-18'/></System><EventData><Data Name='updateTitle'>Security Intelligence Update for Microsoft Defender Antivirus - KB2267602 (Version 1.449.591.0) - Current Channel (Broad)</Data><Data Name='updateGuid'>{a29aab4c-0aee-4975-94b6-69776f9631a5}</Data><Data Name='updateRevisionNumber'>200</Data><Data Name='serviceGuid'>{7971f918-a847-4430-9279-4a52d1efe18d}</Data></EventData></Event>
<Event xmlns='http://schemas.microsoft.com/win/2004/08/events/event'><System><Provider Name='Microsoft-Windows-WindowsUpdateClient' Guid='{945a8954-c147-4acd-923f-40c45405a658}'/><EventID>19</EventID><Version>1</Version><Level>4</Level><Task>1</Task><Opcode>13</Opcode><Keywords>0x8000000000000018</Keywords><TimeCreated SystemTime='2026-05-12T22:05:02.2609525Z'/><EventRecordID>108104</EventRecordID><Correlation ActivityID='{5e9fef84-db98-000c-d156-086f98dbdc01}'/><Execution ProcessID='39612' ThreadID='52060'/><Channel>System</Channel><Computer>specimbaPC</Computer><Security UserID='S-1-5-18'/></System><EventData><Data Name='updateTitle'>9PLJQ12FQ3CV-MicrosoftCorporationII.WinAppRuntime.Main.1.8</Data><Data Name='updateGuid'>{74a9f237-51d4-481e-8687-667a69050ec9}</Data><Data Name='updateRevisionNumber'>1</Data><Data Name='serviceGuid'>{855e8a7c-ecb4-4ca3-b045-1dfa50104289}</Data></EventData></Event>
<Event xmlns='http://schemas.microsoft.com/win/2004/08/events/event'><System><Provider Name='Microsoft-Windows-WindowsUpdateClient' Guid='{945a8954-c147-4acd-923f-40c45405a658}'/><EventID>19</EventID><Version>1</Version><Level>4</Level><Task>1</Task><Opcode>13</Opcode><Keywords>0x8000000000000018</Keywords><TimeCreated SystemTime='2026-05-12T22:05:01.6478249Z'/><EventRecordID>108102</EventRecordID><Correlation/><Execution ProcessID='39612' ThreadID='52060'/><Channel>System</Channel><Computer>specimbaPC</Computer><Security UserID='S-1-5-18'/></System><EventData><Data Name='updateTitle'>9NKRJ3SJ9SDG-Microsoft.WindowsAppRuntime.1.8</Data><Data Name='updateGuid'>{36a13d04-9b3f-498e-b582-66fdd6b27347}</Data><Data Name='updateRevisionNumber'>1</Data><Data Name='serviceGuid'>{855e8a7c-ecb4-4ca3-b045-1dfa50104289}</Data></EventData></Event>
<Event xmlns='http://schemas.microsoft.com/win/2004/08/events/event'><System><Provider Name='Microsoft-Windows-WindowsUpdateClient' Guid='{945a8954-c147-4acd-923f-40c45405a658}'/><EventID>19</EventID><Version>1</Version><Level>4</Level><Task>1</Task><Opcode>13</Opcode><Keywords>0x8000000000000018</Keywords><TimeCreated SystemTime='2026-05-12T19:21:04.7655856Z'/><EventRecordID>108083</EventRecordID><Correlation/><Execution ProcessID='32956' ThreadID='30904'/><Channel>System</Channel><Computer>specimbaPC</Computer><Security UserID='S-1-5-18'/></System><EventData><Data Name='updateTitle'>Security Intelligence Update for Microsoft Defender Antivirus - KB2267602 (Version 1.449.583.0) - Current Channel (Broad)</Data><Data Name='updateGuid'>{e02b0d65-2391-457f-832d-1ef3e8e6e417}</Data><Data Name='updateRevisionNumber'>200</Data><Data Name='serviceGuid'>{7971f918-a847-4430-9279-4a52d1efe18d}</Data></EventData></Event>
<Event xmlns='http://schemas.microsoft.com/win/2004/08/events/event'><System><Provider Name='Microsoft-Windows-WindowsUpdateClient' Guid='{945a8954-c147-4acd-923f-40c45405a658}'/><EventID>19</EventID><Version>1</Version><Level>4</Level><Task>1</Task><Opcode>13</Opcode><Keywords>0x8000000000000018</Keywords><TimeCreated SystemTime='2026-05-12T19:18:54.2309116Z'/><EventRecordID>108074</EventRecordID><Correlation ActivityID='{5e9fef84-db98-000b-e28d-7d7198dbdc01}'/><Execution ProcessID='32956' ThreadID='77708'/><Channel>System</Channel><Computer>specimbaPC</Computer><Security UserID='S-1-5-18'/></System><EventData><Data Name='updateTitle'>9NZKPSTSNW4P-Microsoft.XboxGamingOverlay</Data><Data Name='updateGuid'>{42c2602d-e67b-47e0-8fce-f8907607d325}</Data><Data Name='updateRevisionNumber'>1</Data><Data Name='serviceGuid'>{855e8a7c-ecb4-4ca3-b045-1dfa50104289}</Data></EventData></Event>
<Event xmlns='http://schemas.microsoft.com/win/2004/08/events/event'><System><Provider Name='Microsoft-Windows-WindowsUpdateClient' Guid='{945a8954-c147-4acd-923f-40c45405a658}'/><EventID>19</EventID><Version>1</Version><Level>4</Level><Task>1</Task><Opcode>13</Opcode><Keywords>0x8000000000000018</Keywords><TimeCreated SystemTime='2026-05-12T07:13:49.2876759Z'/><EventRecordID>108007</EventRecordID><Correlation/><Execution ProcessID='53172' ThreadID='58608'/><Channel>System</Channel><Computer>specimbaPC</Computer><Security UserID='S-1-5-18'/></System><EventData><Data Name='updateTitle'>Security Intelligence Update for Microsoft Defender Antivirus - KB2267602 (Version 1.449.573.0) - Current Channel (Broad)</Data><Data Name='updateGuid'>{95afac88-8051-4b6f-94bc-08d605aaf3bd}</Data><Data Name='updateRevisionNumber'>200</Data><Data Name='serviceGuid'>{7971f918-a847-4430-9279-4a52d1efe18d}</Data></EventData></Event>
<Event xmlns='http://schemas.microsoft.com/win/2004/08/events/event'><System><Provider Name='Microsoft-Windows-WindowsUpdateClient' Guid='{945a8954-c147-4acd-923f-40c45405a658}'/><EventID>19</EventID><Version>1</Version><Level>4</Level><Task>1</Task><Opcode>13</Opcode><Keywords>0x8000000000000018</Keywords><TimeCreated SystemTime='2026-05-12T03:02:13.0405763Z'/><EventRecordID>108002</EventRecordID><Correlation/><Execution ProcessID='81372' ThreadID='53228'/><Channel>System</Channel><Computer>specimbaPC</Computer><Security UserID='S-1-5-18'/></System><EventData><Data Name='updateTitle'>9PLJQ12FQ3CV-MicrosoftCorporationII.WinAppRuntime.Main.1.8</Data><Data Name='updateGuid'>{c8ec6d93-f0b0-4cbd-989d-b0baca46c153}</Data><Data Name='updateRevisionNumber'>1</Data><Data Name='serviceGuid'>{855e8a7c-ecb4-4ca3-b045-1dfa50104289}</Data></EventData></Event>
<Event xmlns='http://schemas.microsoft.com/win/2004/08/events/event'><System><Provider Name='Microsoft-Windows-WindowsUpdateClient' Guid='{945a8954-c147-4acd-923f-40c45405a658}'/><EventID>19</EventID><Version>1</Version><Level>4</Level><Task>1</Task><Opcode>13</Opcode><Keywords>0x8000000000000018</Keywords><TimeCreated SystemTime='2026-05-12T00:59:33.8397587Z'/><EventRecordID>107993</EventRecordID><Correlation/><Execution ProcessID='68880' ThreadID='63788'/><Channel>System</Channel><Computer>specimbaPC</Computer><Security UserID='S-1-5-18'/></System><EventData><Data Name='updateTitle'>9PLJQ12FQ3CV-MicrosoftCorporationII.WinAppRuntime.Main.1.8</Data><Data Name='updateGuid'>{c8ec6d93-f0b0-4cbd-989d-b0baca46c153}</Data><Data Name='updateRevisionNumber'>1</Data><Data Name='serviceGuid'>{855e8a7c-ecb4-4ca3-b045-1dfa50104289}</Data></EventData></Event>
<Event xmlns='http://schemas.microsoft.com/win/2004/08/events/event'><System><Provider Name='Microsoft-Windows-WindowsUpdateClient' Guid='{945a8954-c147-4acd-923f-40c45405a658}'/><EventID>19</EventID><Version>1</Version><Level>4</Level><Task>1</Task><Opcode>13</Opcode><Keywords>0x8000000000000018</Keywords><TimeCreated SystemTime='2026-05-11T18:18:43.3530279Z'/><EventRecordID>107979</EventRecordID><Correlation/><Execution ProcessID='54112' ThreadID='7148'/><Channel>System</Channel><Computer>specimbaPC</Computer><Security UserID='S-1-5-18'/></System><EventData><Data Name='updateTitle'>Security Intelligence Update for Microsoft Defender Antivirus - KB2267602 (Version 1.449.566.0) - Current Channel (Broad)</Data><Data Name='updateGuid'>{267bd6a9-18da-4c1a-b639-ac18d7f756be}</Data><Data Name='updateRevisionNumber'>200</Data><Data Name='serviceGuid'>{7971f918-a847-4430-9279-4a52d1efe18d}</Data></EventData></Event>
<Event xmlns='http://schemas.microsoft.com/win/2004/08/events/event'><System><Provider Name='Microsoft-Windows-WindowsUpdateClient' Guid='{945a8954-c147-4acd-923f-40c45405a658}'/><EventID>19</EventID><Version>1</Version><Level>4</Level><Task>1</Task><Opcode>13</Opcode><Keywords>0x8000000000000018</Keywords><TimeCreated SystemTime='2026-05-11T12:57:14.8407297Z'/><EventRecordID>107964</EventRecordID><Correlation ActivityID='{5e9fef84-db98-001d-908d-c26798dbdc01}'/><Execution ProcessID='39588' ThreadID='74364'/><Channel>System</Channel><Computer>specimbaPC</Computer><Security UserID='S-1-5-18'/></System><EventData><Data Name='updateTitle'>9WZDNCRD29V9-MICROSOFT.MICROSOFTOFFICEHUB</Data><Data Name='updateGuid'>{e4a486d7-fcfd-4e96-99c2-8d07be061e50}</Data><Data Name='updateRevisionNumber'>1</Data><Data Name='serviceGuid'>{855e8a7c-ecb4-4ca3-b045-1dfa50104289}</Data></EventData></Event>
<Event xmlns='http://schemas.microsoft.com/win/2004/08/events/event'><System><Provider Name='Microsoft-Windows-WindowsUpdateClient' Guid='{945a8954-c147-4acd-923f-40c45405a658}'/><EventID>19</EventID><Version>1</Version><Level>4</Level><Task>1</Task><Opcode>13</Opcode><Keywords>0x8000000000000018</Keywords><TimeCreated SystemTime='2026-05-11T07:44:46.9324736Z'/><EventRecordID>107941</EventRecordID><Correlation/><Execution ProcessID='59996' ThreadID='73596'/><Channel>System</Channel><Computer>specimbaPC</Computer><Security UserID='S-1-5-18'/></System><EventData><Data Name='updateTitle'>Security Intelligence Update for Microsoft Defender Antivirus - KB2267602 (Version 1.449.557.0) - Current Channel (Broad)</Data><Data Name='updateGuid'>{d0e1a5bc-b5f8-45f9-9ab0-9e31361b7ac8}</Data><Data Name='updateRevisionNumber'>200</Data><Data Name='serviceGuid'>{7971f918-a847-4430-9279-4a52d1efe18d}</Data></EventData></Event>
<Event xmlns='http://schemas.microsoft.com/win/2004/08/events/event'><System><Provider Name='Microsoft-Windows-WindowsUpdateClient' Guid='{945a8954-c147-4acd-923f-40c45405a658}'/><EventID>19</EventID><Version>1</Version><Level>4</Level><Task>1</Task><Opcode>13</Opcode><Keywords>0x8000000000000018</Keywords><TimeCreated SystemTime='2026-05-11T05:35:28.6432863Z'/><EventRecordID>107890</EventRecordID><Correlation/><Execution ProcessID='22348' ThreadID='55192'/><Channel>System</Channel><Computer>specimbaPC</Computer><Security UserID='S-1-5-18'/></System><EventData><Data Name='updateTitle'>Security Intelligence Update for Microsoft Defender Antivirus - KB2267602 (Version 1.449.555.0) - Current Channel (Broad)</Data><Data Name='updateGuid'>{4af68be2-5e51-4799-bfb6-c6e9016ab4dd}</Data><Data Name='updateRevisionNumber'>200</Data><Data Name='serviceGuid'>{7971f918-a847-4430-9279-4a52d1efe18d}</Data></EventData></Event>
<Event xmlns='http://schemas.microsoft.com/win/2004/08/events/event'><System><Provider Name='Microsoft-Windows-WindowsUpdateClient' Guid='{945a8954-c147-4acd-923f-40c45405a658}'/><EventID>19</EventID><Version>1</Version><Level>4</Level><Task>1</Task><Opcode>13</Opcode><Keywords>0x8000000000000018</Keywords><TimeCreated SystemTime='2026-05-10T17:28:19.0117258Z'/><EventRecordID>107874</EventRecordID><Correlation/><Execution ProcessID='59688' ThreadID='70928'/><Channel>System</Channel><Computer>specimbaPC</Computer><Security UserID='S-1-5-18'/></System><EventData><Data Name='updateTitle'>Security Intelligence Update for Microsoft Defender Antivirus - KB2267602 (Version 1.449.546.0) - Current Channel (Broad)</Data><Data Name='updateGuid'>{c31f5895-3421-4aac-a61d-1c65ad2f4dc8}</Data><Data Name='updateRevisionNumber'>200</Data><Data Name='serviceGuid'>{7971f918-a847-4430-9279-4a52d1efe18d}</Data></EventData></Event>
<Event xmlns='http://schemas.microsoft.com/win/2004/08/events/event'><System><Provider Name='Microsoft-Windows-WindowsUpdateClient' Guid='{945a8954-c147-4acd-923f-40c45405a658}'/><EventID>19</EventID><Version>1</Version><Level>4</Level><Task>1</Task><Opcode>13</Opcode><Keywords>0x8000000000000018</Keywords><TimeCreated SystemTime='2026-05-10T07:44:46.8391446Z'/><EventRecordID>107861</EventRecordID><Correlation/><Execution ProcessID='21260' ThreadID='72560'/><Channel>System</Channel><Computer>specimbaPC</Computer><Security UserID='S-1-5-18'/></System><EventData><Data Name='updateTitle'>Security Intelligence Update for Microsoft Defender Antivirus - KB2267602 (Version 1.449.541.0) - Current Channel (Broad)</Data><Data Name='updateGuid'>{a50373ea-ef55-4177-a97a-48f5f0159ea6}</Data><Data Name='updateRevisionNumber'>200</Data><Data Name='serviceGuid'>{7971f918-a847-4430-9279-4a52d1efe18d}</Data></EventData></Event>
<Event xmlns='http://schemas.microsoft.com/win/2004/08/events/event'><System><Provider Name='Microsoft-Windows-WindowsUpdateClient' Guid='{945a8954-c147-4acd-923f-40c45405a658}'/><EventID>19</EventID><Version>1</Version><Level>4</Level><Task>1</Task><Opcode>13</Opcode><Keywords>0x8000000000000018</Keywords><TimeCreated SystemTime='2026-05-10T04:57:23.6432565Z'/><EventRecordID>107858</EventRecordID><Correlation/><Execution ProcessID='8460' ThreadID='42256'/><Channel>System</Channel><Computer>specimbaPC</Computer><Security UserID='S-1-5-18'/></System><EventData><Data Name='updateTitle'>Security Intelligence Update for Microsoft Defender Antivirus - KB2267602 (Version 1.449.540.0) - Current Channel (Broad)</Data><Data Name='updateGuid'>{c6810f13-e2e2-47a1-a87d-7fa23755655e}</Data><Data Name='updateRevisionNumber'>200</Data><Data Name='serviceGuid'>{7971f918-a847-4430-9279-4a52d1efe18d}</Data></EventData></Event>
<Event xmlns='http://schemas.microsoft.com/win/2004/08/events/event'><System><Provider Name='Microsoft-Windows-WindowsUpdateClient' Guid='{945a8954-c147-4acd-923f-40c45405a658}'/><EventID>19</EventID><Version>1</Version><Level>4</Level><Task>1</Task><Opcode>13</Opcode><Keywords>0x8000000000000018</Keywords><TimeCreated SystemTime='2026-05-09T16:41:03.2475737Z'/><EventRecordID>107838</EventRecordID><Correlation/><Execution ProcessID='52488' ThreadID='68480'/><Channel>System</Channel><Computer>specimbaPC</Computer><Security UserID='S-1-5-18'/></System><EventData><Data Name='updateTitle'>Security Intelligence Update for Microsoft Defender Antivirus - KB2267602 (Version 1.449.531.0) - Current Channel (Broad)</Data><Data Name='updateGuid'>{84bdb5e9-c9a1-41b7-b663-4c0cba00448f}</Data><Data Name='updateRevisionNumber'>200</Data><Data Name='serviceGuid'>{7971f918-a847-4430-9279-4a52d1efe18d}</Data></EventData></Event>
<Event xmlns='http://schemas.microsoft.com/win/2004/08/events/event'><System><Provider Name='Microsoft-Windows-WindowsUpdateClient' Guid='{945a8954-c147-4acd-923f-40c45405a658}'/><EventID>19</EventID><Version>1</Version><Level>4</Level><Task>1</Task><Opcode>13</Opcode><Keywords>0x8000000000000018</Keywords><TimeCreated SystemTime='2026-05-09T10:36:22.7192744Z'/><EventRecordID>107821</EventRecordID><Correlation ActivityID='{5e9fef84-db98-0012-adc4-026398dbdc01}'/><Execution ProcessID='35616' ThreadID='15548'/><Channel>System</Channel><Computer>specimbaPC</Computer><Security UserID='S-1-5-18'/></System><EventData><Data Name='updateTitle'>9MWPM2CQNLHN-Microsoft.GamingServices</Data><Data Name='updateGuid'>{337fa511-3e51-42f2-adec-50287c5e6b43}</Data><Data Name='updateRevisionNumber'>1</Data><Data Name='serviceGuid'>{855e8a7c-ecb4-4ca3-b045-1dfa50104289}</Data></EventData></Event>
<Event xmlns='http://schemas.microsoft.com/win/2004/08/events/event'><System><Provider Name='Microsoft-Windows-WindowsUpdateClient' Guid='{945a8954-c147-4acd-923f-40c45405a658}'/><EventID>19</EventID><Version>1</Version><Level>4</Level><Task>1</Task><Opcode>13</Opcode><Keywords>0x8000000000000018</Keywords><TimeCreated SystemTime='2026-05-09T04:02:09.7241396Z'/><EventRecordID>107776</EventRecordID><Correlation/><Execution ProcessID='35688' ThreadID='84724'/><Channel>System</Channel><Computer>specimbaPC</Computer><Security UserID='S-1-5-18'/></System><EventData><Data Name='updateTitle'>9PLJQ12FQ3CV-MicrosoftCorporationII.WinAppRuntime.Main.1.8</Data><Data Name='updateGuid'>{c8ec6d93-f0b0-4cbd-989d-b0baca46c153}</Data><Data Name='updateRevisionNumber'>1</Data><Data Name='serviceGuid'>{855e8a7c-ecb4-4ca3-b045-1dfa50104289}</Data></EventData></Event>
<Event xmlns='http://schemas.microsoft.com/win/2004/08/events/event'><System><Provider Name='Microsoft-Windows-WindowsUpdateClient' Guid='{945a8954-c147-4acd-923f-40c45405a658}'/><EventID>19</EventID><Version>1</Version><Level>4</Level><Task>1</Task><Opcode>13</Opcode><Keywords>0x8000000000000018</Keywords><TimeCreated SystemTime='2026-05-09T03:48:19.2535567Z'/><EventRecordID>107773</EventRecordID><Correlation/><Execution ProcessID='9880' ThreadID='53280'/><Channel>System</Channel><Computer>specimbaPC</Computer><Security UserID='S-1-5-18'/></System><EventData><Data Name='updateTitle'>Security Intelligence Update for Microsoft Defender Antivirus - KB2267602 (Version 1.449.523.0) - Current Channel (Broad)</Data><Data Name='updateGuid'>{c6f8674d-c23d-4966-8500-ad465a45c321}</Data><Data Name='updateRevisionNumber'>200</Data><Data Name='serviceGuid'>{7971f918-a847-4430-9279-4a52d1efe18d}</Data></EventData></Event>
<Event xmlns='http://schemas.microsoft.com/win/2004/08/events/event'><System><Provider Name='Microsoft-Windows-WindowsUpdateClient' Guid='{945a8954-c147-4acd-923f-40c45405a658}'/><EventID>19</EventID><Version>1</Version><Level>4</Level><Task>1</Task><Opcode>13</Opcode><Keywords>0x8000000000000018</Keywords><TimeCreated SystemTime='2026-05-08T17:05:59.4452736Z'/><EventRecordID>107748</EventRecordID><Correlation ActivityID='{5e9fef84-db98-001e-ce74-966398dbdc01}'/><Execution ProcessID='79048' ThreadID='34284'/><Channel>System</Channel><Computer>specimbaPC</Computer><Security UserID='S-1-5-18'/></System><EventData><Data Name='updateTitle'>9N0866FS04W8-DolbyLaboratories.DolbyAccess</Data><Data Name='updateGuid'>{dd65f4ef-448c-4e63-8534-d20597351858}</Data><Data Name='updateRevisionNumber'>1</Data><Data Name='serviceGuid'>{855e8a7c-ecb4-4ca3-b045-1dfa50104289}</Data></EventData></Event>
<Event xmlns='http://schemas.microsoft.com/win/2004/08/events/event'><System><Provider Name='Microsoft-Windows-WindowsUpdateClient' Guid='{945a8954-c147-4acd-923f-40c45405a658}'/><EventID>19</EventID><Version>1</Version><Level>4</Level><Task>1</Task><Opcode>13</Opcode><Keywords>0x8000000000000018</Keywords><TimeCreated SystemTime='2026-05-08T17:01:42.5321671Z'/><EventRecordID>107720</EventRecordID><Correlation ActivityID='{5e9fef84-db98-0011-7c65-4c6398dbdc01}'/><Execution ProcessID='79048' ThreadID='69992'/><Channel>System</Channel><Computer>specimbaPC</Computer><Security UserID='S-1-5-18'/></System><EventData><Data Name='updateTitle'>9WZDNCRD29V9-MICROSOFT.MICROSOFTOFFICEHUB</Data><Data Name='updateGuid'>{3f440f0b-6666-4b47-a4c9-0cec5eb17cd8}</Data><Data Name='updateRevisionNumber'>1</Data><Data Name='serviceGuid'>{855e8a7c-ecb4-4ca3-b045-1dfa50104289}</Data></EventData></Event>
<Event xmlns='http://schemas.microsoft.com/win/2004/08/events/event'><System><Provider Name='Microsoft-Windows-WindowsUpdateClient' Guid='{945a8954-c147-4acd-923f-40c45405a658}'/><EventID>19</EventID><Version>1</Version><Level>4</Level><Task>1</Task><Opcode>13</Opcode><Keywords>0x8000000000000018</Keywords><TimeCreated SystemTime='2026-05-08T15:43:57.3966401Z'/><EventRecordID>107709</EventRecordID><Correlation/><Execution ProcessID='79924' ThreadID='21304'/><Channel>System</Channel><Computer>specimbaPC</Computer><Security UserID='S-1-5-18'/></System><EventData><Data Name='updateTitle'>Security Intelligence Update for Microsoft Defender Antivirus - KB2267602 (Version 1.449.514.0) - Current Channel (Broad)</Data><Data Name='updateGuid'>{1a5a2e51-af5c-4e10-8fc0-155f25cec353}</Data><Data Name='updateRevisionNumber'>200</Data><Data Name='serviceGuid'>{7971f918-a847-4430-9279-4a52d1efe18d}</Data></EventData></Event>
</Events>
